TN:
SF:src\lib\ericchase\Core_Console_Error.ts
FNF:1
FNH:0
DA:1,0
LF:4
LH:0
end_of_record
TN:
SF:src\lib\ericchase\Core_Console_Log.ts
FNF:1
FNH:1
DA:1,18
DA:2,27
LF:4
LH:2
end_of_record
TN:
SF:src\lib\ericchase\NodePlatform.ts
FNF:1
FNH:1
DA:1,50
DA:2,54
DA:3,47
DA:4,45
DA:5,49
DA:6,47
DA:7,49
DA:9,83
LF:10
LH:8
end_of_record
TN:
SF:src\lib\ericchase\NodePlatform_Directory_Create.ts
FNF:2
FNH:2
DA:1,55
DA:2,91
DA:3,97
DA:4,24
DA:5,35
DA:6,7
DA:7,71
DA:8,47
DA:9,4
DA:10,78
DA:11,17
DA:12,85
DA:13,0
LF:15
LH:12
end_of_record
TN:
SF:src\lib\ericchase\NodePlatform_Directory_Delete.ts
FNF:2
FNH:2
DA:1,55
DA:2,79
DA:3,91
DA:4,24
DA:5,35
DA:6,7
DA:7,67
DA:8,31
DA:9,34
DA:10,13
DA:11,65
DA:12,6
DA:13,4
DA:14,81
DA:15,17
DA:16,88
DA:17,0
LF:19
LH:16
end_of_record
TN:
SF:src\lib\ericchase\NodePlatform_Directory_ReadDir.ts
FNF:2
FNH:2
DA:1,55
DA:2,97
DA:3,24
DA:4,35
DA:5,7
DA:6,71
DA:7,86
DA:8,1
DA:9,12
DA:10,17
DA:11,19
DA:12,0
LF:14
LH:11
end_of_record
TN:
SF:src\lib\ericchase\NodePlatform_Directory_Watch.ts
FNF:4
FNH:3
DA:1,32
DA:2,25
DA:3,59
DA:4,33
DA:5,101
DA:6,47
DA:7,31
DA:8,26
DA:9,24
DA:10,21
DA:11,37
DA:12,5
DA:13,19
DA:14,26
DA:15,14
DA:16,11
DA:17,29
DA:18,19
DA:19,17
DA:20,19
DA:21,4
DA:22,0
DA:23,0
DA:24,0
LF:26
LH:21
end_of_record
TN:
SF:src\lib\ericchase\NodePlatform_File_Append_Bytes.ts
FNF:2
FNH:2
DA:1,55
DA:2,89
DA:3,31
DA:4,35
DA:5,26
DA:6,79
DA:7,2
DA:8,7
DA:9,42
DA:10,25
DA:11,17
DA:12,33
DA:13,0
LF:15
LH:12
end_of_record
TN:
SF:src\lib\ericchase\NodePlatform_File_Append_Text.ts
FNF:2
FNH:2
DA:1,55
DA:2,89
DA:3,30
DA:4,35
DA:5,26
DA:6,79
DA:7,2
DA:8,7
DA:9,41
DA:10,25
DA:11,17
DA:12,33
DA:13,0
LF:15
LH:12
end_of_record
TN:
SF:src\lib\ericchase\NodePlatform_File_Delete.ts
FNF:2
FNH:2
DA:1,55
DA:2,79
DA:3,81
DA:4,13
DA:5,35
DA:6,7
DA:7,62
DA:8,33
DA:9,4
DA:10,81
DA:11,0
DA:12,0
DA:13,0
LF:15
LH:10
end_of_record
TN:
SF:src\lib\ericchase\NodePlatform_File_Read_Bytes.ts
FNF:2
FNH:2
DA:1,55
DA:2,13
DA:3,35
DA:4,7
DA:5,66
DA:6,17
DA:7,19
DA:8,0
LF:10
LH:7
end_of_record
TN:
SF:src\lib\ericchase\NodePlatform_File_Read_Text.ts
FNF:2
FNH:2
DA:1,55
DA:2,13
DA:3,35
DA:4,7
DA:5,71
DA:6,17
DA:7,19
DA:8,0
LF:10
LH:7
end_of_record
TN:
SF:src\lib\ericchase\NodePlatform_File_Write_Bytes.ts
FNF:2
FNH:2
DA:1,55
DA:2,89
DA:3,31
DA:4,35
DA:5,26
DA:6,79
DA:7,2
DA:8,7
DA:9,41
DA:10,25
DA:11,17
DA:12,33
DA:13,0
LF:15
LH:12
end_of_record
TN:
SF:src\lib\ericchase\NodePlatform_File_Write_Text.ts
FNF:2
FNH:2
DA:1,55
DA:2,89
DA:3,30
DA:4,35
DA:5,26
DA:6,79
DA:7,2
DA:8,7
DA:9,40
DA:10,25
DA:11,17
DA:12,33
DA:13,0
LF:15
LH:12
end_of_record
TN:
SF:src\lib\ericchase\NodePlatform_Path_Delete.ts
FNF:2
FNH:2
DA:1,55
DA:2,79
DA:3,13
DA:4,35
DA:5,7
DA:6,61
DA:7,81
DA:8,17
DA:9,88
DA:10,0
LF:12
LH:9
end_of_record
TN:
SF:src\lib\ericchase\NodePlatform_Path_Exists.ts
FNF:2
FNH:2
DA:1,55
DA:2,13
DA:3,35
DA:4,7
DA:5,29
DA:6,25
DA:7,17
DA:8,33
DA:9,0
LF:11
LH:8
end_of_record
TN:
SF:src\lib\ericchase\NodePlatform_Path_Get_Stats.ts
FNF:2
FNH:2
DA:1,55
DA:2,13
DA:3,35
DA:4,7
DA:5,45
DA:6,17
DA:7,19
DA:8,0
LF:10
LH:7
end_of_record
TN:
SF:src\lib\ericchase\NodePlatform_Path_Get_Stats_SymbolicLink.ts
FNF:2
FNH:2
DA:1,55
DA:2,13
DA:3,35
DA:4,7
DA:5,46
DA:6,17
DA:7,19
DA:8,0
LF:10
LH:7
end_of_record
TN:
SF:src\lib\ericchase\NodePlatform_Path_Is_Directory.ts
FNF:2
FNH:2
DA:1,55
DA:2,13
DA:3,35
DA:4,7
DA:5,51
DA:6,17
DA:7,13
LF:9
LH:7
end_of_record
TN:
SF:src\lib\ericchase\NodePlatform_Path_Is_File.ts
FNF:2
FNH:2
DA:1,55
DA:2,13
DA:3,35
DA:4,7
DA:5,46
DA:6,17
DA:7,13
LF:9
LH:7
end_of_record
TN:
SF:src\lib\ericchase\NodePlatform_Path_Is_SymbolicLink.ts
FNF:2
FNH:2
DA:1,55
DA:2,13
DA:3,35
DA:4,7
DA:5,54
DA:6,17
DA:7,13
LF:9
LH:7
end_of_record
