TN:
SF:src/lib/ericchase/BunPlatform_Args_Has.ts
FNF:1
FNH:1
DA:1,13
DA:2,30
LF:4
LH:2
end_of_record
TN:
SF:src/lib/ericchase/BunPlatform_File_Compare.ts
FNF:2
FNH:2
DA:1,81
DA:2,46
DA:3,27
DA:4,45
DA:5,41
DA:6,7
DA:7,116
DA:8,17
DA:9,33
DA:10,0
LF:12
LH:9
end_of_record
TN:
SF:src/lib/ericchase/BunPlatform_File_Copy.ts
FNF:2
FNH:2
DA:1,79
DA:2,46
DA:3,38
DA:4,45
DA:5,41
DA:6,29
DA:7,26
DA:8,1
DA:9,26
DA:10,51
DA:11,28
DA:12,1
DA:13,2
DA:14,7
DA:15,60
DA:16,85
DA:17,0
DA:18,0
DA:19,0
LF:21
LH:16
end_of_record
TN:
SF:src/lib/ericchase/BunPlatform_File_Move.ts
FNF:2
FNH:2
DA:1,73
DA:2,79
DA:3,38
DA:4,89
DA:5,76
DA:6,1
DA:7,24
LF:9
LH:7
end_of_record
TN:
SF:src/lib/ericchase/BunPlatform_File_Read_Bytes.ts
FNF:2
FNH:2
DA:1,46
DA:2,13
DA:3,35
DA:4,7
DA:5,66
DA:6,17
DA:7,19
DA:8,0
LF:10
LH:7
end_of_record
TN:
SF:src/lib/ericchase/BunPlatform_File_Read_Text.ts
FNF:2
FNH:2
DA:1,46
DA:2,13
DA:3,35
DA:4,7
DA:5,48
DA:6,17
DA:7,19
DA:8,0
LF:10
LH:7
end_of_record
TN:
SF:src/lib/ericchase/BunPlatform_File_Write_Bytes.ts
FNF:2
FNH:2
DA:1,46
DA:2,20
DA:3,35
DA:4,7
DA:5,33
DA:6,25
DA:7,17
DA:8,33
DA:9,0
LF:11
LH:8
end_of_record
TN:
SF:src/lib/ericchase/BunPlatform_File_Write_Text.ts
FNF:2
FNH:2
DA:1,46
DA:2,19
DA:3,35
DA:4,7
DA:5,32
DA:6,25
DA:7,17
DA:8,33
DA:9,0
LF:11
LH:8
end_of_record
TN:
SF:src/lib/ericchase/BunPlatform_Glob_Match.ts
FNF:1
FNH:1
DA:1,24
DA:2,42
LF:4
LH:2
end_of_record
TN:
SF:src/lib/ericchase/BunPlatform_Glob_Match_Ex.ts
FNF:1
FNH:1
DA:1,69
DA:2,51
DA:3,42
DA:4,57
DA:5,17
DA:6,0
DA:7,1
DA:8,42
DA:9,57
DA:10,16
DA:11,0
DA:12,0
DA:13,0
LF:15
LH:9
end_of_record
TN:
SF:src/lib/ericchase/BunPlatform_Glob_Scan_Ex.ts
FNF:2
FNH:2
DA:1,93
DA:2,46
DA:3,62
DA:4,43
DA:5,22
DA:6,42
DA:7,111
DA:8,2
DA:9,22
DA:10,40
DA:11,0
DA:12,1
DA:13,55
LF:15
LH:12
end_of_record
TN:
SF:src/lib/ericchase/BunPlatform_Glob_Scan_Generator.ts
FNF:2
FNH:2
DA:1,46
DA:2,91
DA:3,35
DA:4,43
DA:5,60
DA:6,58
DA:7,49
DA:8,20
DA:9,16
DA:10,44
DA:11,8
DA:12,18
DA:13,4
DA:14,2
LF:16
LH:14
end_of_record
TN:
SF:src/lib/ericchase/Core_Array_Are_Equal.ts
FNF:1
FNH:1
DA:1,22
DA:2,37
DA:3,15
DA:4,1
DA:5,40
DA:6,31
DA:7,17
DA:8,1
DA:9,2
DA:10,12
LF:12
LH:10
end_of_record
TN:
SF:src/lib/ericchase/Core_Array_Binary_Search_Exact_Match.ts
FNF:2
FNH:2
DA:1,73
DA:2,69
DA:3,50
DA:4,53
DA:5,50
DA:6,22
DA:7,42
DA:8,19
DA:9,11
DA:10,25
DA:11,4
DA:12,48
DA:13,2
DA:14,54
DA:15,20
DA:16,1
DA:17,10
LF:19
LH:17
end_of_record
TN:
SF:src/lib/ericchase/Core_Array_Binary_Search_Insertion_Index.ts
FNF:2
FNH:2
DA:1,73
DA:2,69
DA:3,50
DA:4,53
DA:5,50
DA:6,22
DA:7,42
DA:8,19
DA:9,11
DA:10,25
DA:11,4
DA:12,48
DA:13,2
DA:14,18
LF:16
LH:14
end_of_record
TN:
SF:src/lib/ericchase/Core_Array_Buffer_To_Bytes_Generator.ts
FNF:2
FNH:2
DA:1,15
DA:2,36
DA:3,43
DA:4,33
DA:5,2
LF:7
LH:5
end_of_record
TN:
SF:src/lib/ericchase/Core_Array_Chunks_Generator.ts
FNF:2
FNH:2
DA:1,21
DA:2,28
DA:3,64
DA:4,23
DA:5,18
DA:6,40
DA:7,75
DA:8,4
DA:9,81
DA:10,9
DA:11,42
DA:12,3
LF:14
LH:12
end_of_record
TN:
SF:src/lib/ericchase/Core_Array_Get_Endpoints.ts
FNF:1
FNH:1
DA:1,15
DA:2,49
DA:3,18
DA:4,1
DA:5,25
LF:7
LH:5
end_of_record
TN:
SF:src/lib/ericchase/Core_Array_Shuffle.ts
FNF:1
FNH:1
DA:1,32
DA:2,32
DA:3,40
DA:4,50
DA:5,64
DA:6,2
DA:7,13
LF:9
LH:7
end_of_record
TN:
SF:src/lib/ericchase/Core_Array_Sliding_Window_Generator.ts
FNF:2
FNH:2
DA:1,21
DA:2,17
DA:3,30
DA:4,20
DA:5,35
DA:6,77
DA:7,6
DA:8,83
DA:9,11
DA:10,66
DA:11,4
DA:12,2
LF:14
LH:12
end_of_record
TN:
SF:src/lib/ericchase/Core_Array_Split.ts
FNF:2
FNH:2
DA:1,79
DA:2,22
DA:3,80
LF:5
LH:3
end_of_record
TN:
SF:src/lib/ericchase/Core_Array_Uint32_To_Hex.ts
FNF:1
FNH:1
DA:1,81
DA:2,71
DA:3,14
DA:4,67
LF:6
LH:4
end_of_record
TN:
SF:src/lib/ericchase/Core_Array_Uint8.ts
FNF:1
FNH:1
DA:1,108
DA:2,154
DA:3,55
DA:4,80
LF:5
LH:4
end_of_record
TN:
SF:src/lib/ericchase/Core_Array_Uint8_Concat.ts
FNF:1
FNH:1
DA:1,16
DA:2,22
DA:3,30
DA:4,32
DA:5,2
DA:6,45
DA:7,17
DA:8,30
DA:9,30
DA:10,27
DA:11,2
DA:12,14
LF:14
LH:12
end_of_record
TN:
SF:src/lib/ericchase/Core_Array_Uint8_Copy.ts
FNF:1
FNH:1
DA:1,34
DA:2,43
LF:4
LH:2
end_of_record
TN:
SF:src/lib/ericchase/Core_Array_Uint8_From_Base64.ts
FNF:1
FNH:1
DA:1,66
DA:2,17
DA:3,32
DA:4,112
DA:5,67
DA:6,50
DA:7,68
DA:8,4
DA:9,72
DA:10,22
DA:11,22
DA:12,46
DA:13,41
DA:14,80
DA:15,84
DA:16,75
DA:17,10
DA:18,33
DA:19,20
DA:20,6
DA:21,21
DA:22,4
DA:23,40
DA:24,12
DA:25,43
DA:26,82
DA:27,85
DA:28,12
DA:29,35
DA:30,22
DA:31,8
DA:32,12
DA:33,8
DA:34,43
DA:35,81
DA:36,12
DA:37,35
DA:38,22
DA:39,8
DA:40,12
DA:41,1
DA:42,16
DA:43,1
DA:44,27
LF:46
LH:44
end_of_record
TN:
SF:src/lib/ericchase/Core_Array_Uint8_From_String.ts
FNF:1
FNH:1
DA:1,14
DA:2,38
LF:4
LH:2
end_of_record
TN:
SF:src/lib/ericchase/Core_Array_Uint8_From_Uint32.ts
FNF:1
FNH:1
DA:1,14
DA:2,32
DA:3,40
DA:4,39
DA:5,11
LF:7
LH:5
end_of_record
TN:
SF:src/lib/ericchase/Core_Array_Uint8_Group_Class.ts
FNF:4
FNH:4
DA:4,23
DA:5,24
DA:6,56
DA:7,80
DA:8,52
DA:9,4
DA:10,48
DA:11,76
DA:12,41
DA:13,34
DA:14,9
DA:15,36
DA:16,40
DA:17,69
DA:18,167
DA:19,61
DA:20,38
DA:21,17
DA:22,60
DA:23,32
DA:24,13
DA:25,9
DA:26,28
DA:27,4
DA:28,2
DA:29,58
DA:30,94
DA:31,1
LF:32
LH:28
end_of_record
TN:
SF:src/lib/ericchase/Core_Array_Uint8_Split.ts
FNF:1
FNH:1
DA:1,22
DA:2,32
DA:3,25
DA:4,1
DA:5,17
DA:6,21
DA:7,49
DA:8,44
DA:9,4
DA:10,15
DA:11,1
DA:12,23
LF:14
LH:12
end_of_record
TN:
SF:src/lib/ericchase/Core_Array_Uint8_Take.ts
FNF:1
FNH:1
DA:1,22
DA:2,32
DA:3,41
DA:4,1
DA:5,17
DA:6,41
DA:7,38
DA:8,26
DA:9,1
DA:10,39
LF:12
LH:10
end_of_record
TN:
SF:src/lib/ericchase/Core_Array_Uint8_Take_End.ts
FNF:1
FNH:1
DA:1,22
DA:2,32
DA:3,41
DA:4,1
DA:5,17
DA:6,57
DA:7,60
DA:8,26
DA:9,1
DA:10,39
LF:12
LH:10
end_of_record
TN:
SF:src/lib/ericchase/Core_Array_Uint8_To_ASCII.ts
FNF:1
FNH:1
DA:1,15
DA:2,17
DA:3,28
DA:4,45
DA:5,2
DA:6,13
LF:8
LH:6
end_of_record
TN:
SF:src/lib/ericchase/Core_Array_Uint8_To_Base64.ts
FNF:1
FNH:1
DA:1,66
DA:2,18
DA:3,19
DA:4,19
DA:5,42
DA:6,39
DA:7,42
DA:8,74
DA:9,79
DA:10,37
DA:11,8
DA:12,49
DA:13,4
DA:14,18
DA:15,2
DA:16,39
DA:17,10
DA:18,41
DA:19,44
DA:20,76
DA:21,46
DA:22,10
DA:23,51
DA:24,6
DA:25,21
DA:26,10
DA:27,8
DA:28,41
DA:29,44
DA:30,41
DA:31,10
DA:32,51
DA:33,6
DA:34,22
DA:35,10
DA:36,1
DA:37,15
LF:39
LH:37
end_of_record
TN:
SF:src/lib/ericchase/Core_Array_Uint8_To_Decimal.ts
FNF:1
FNH:1
DA:1,15
DA:2,46
DA:3,47
DA:4,47
DA:5,2
DA:6,15
LF:8
LH:6
end_of_record
TN:
SF:src/lib/ericchase/Core_Array_Uint8_To_Hex.ts
FNF:1
FNH:1
DA:1,15
DA:2,42
DA:3,47
DA:4,60
DA:5,2
DA:6,11
LF:8
LH:6
end_of_record
TN:
SF:src/lib/ericchase/Core_Array_Uint8_To_Lines.ts
FNF:1
FNH:1
DA:1,77
DA:2,71
DA:3,15
DA:4,66
LF:6
LH:4
end_of_record
TN:
SF:src/lib/ericchase/Core_Array_Uint8_To_String.ts
FNF:1
FNH:1
DA:1,15
DA:2,39
LF:4
LH:2
end_of_record
TN:
SF:src/lib/ericchase/Core_Array_Zip_Generator.ts
FNF:5
FNH:5
DA:1,21
DA:2,21
DA:3,25
DA:4,7
DA:5,45
DA:6,2
DA:7,7
DA:8,16
DA:9,1
DA:10,4
DA:11,14
DA:12,22
DA:13,58
DA:14,43
DA:15,48
DA:16,21
DA:17,41
DA:18,34
DA:19,13
DA:20,51
DA:21,6
DA:22,4
DA:23,16
DA:24,1
DA:25,23
DA:26,36
DA:27,9
DA:28,50
DA:29,20
DA:30,19
DA:31,55
DA:32,4
DA:33,2
DA:34,44
DA:35,40
DA:36,17
DA:37,42
DA:38,2
LF:40
LH:38
end_of_record
TN:
SF:src/lib/ericchase/Core_Assert_BigInt.ts
FNF:1
FNH:1
DA:1,15
DA:2,33
DA:3,82
DA:4,1
DA:5,12
LF:7
LH:5
end_of_record
TN:
SF:src/lib/ericchase/Core_Assert_Boolean.ts
FNF:1
FNH:1
DA:1,15
DA:2,34
DA:3,83
DA:4,1
DA:5,12
LF:7
LH:5
end_of_record
TN:
SF:src/lib/ericchase/Core_Assert_Equal.ts
FNF:1
FNH:1
DA:1,24
DA:2,25
DA:3,88
DA:4,1
DA:5,12
LF:7
LH:5
end_of_record
TN:
SF:src/lib/ericchase/Core_Assert_Function.ts
FNF:1
FNH:1
DA:1,15
DA:2,35
DA:3,84
DA:4,1
DA:5,12
LF:7
LH:5
end_of_record
TN:
SF:src/lib/ericchase/Core_Assert_Not_Equal.ts
FNF:1
FNH:1
DA:1,24
DA:2,25
DA:3,92
DA:4,1
DA:5,12
LF:7
LH:5
end_of_record
TN:
SF:src/lib/ericchase/Core_Assert_Number.ts
FNF:1
FNH:1
DA:1,15
DA:2,33
DA:3,82
DA:4,1
DA:5,12
LF:7
LH:5
end_of_record
TN:
SF:src/lib/ericchase/Core_Assert_Object.ts
FNF:1
FNH:1
DA:1,15
DA:2,33
DA:3,82
DA:4,1
DA:5,12
LF:7
LH:5
end_of_record
TN:
SF:src/lib/ericchase/Core_Assert_String.ts
FNF:1
FNH:1
DA:1,15
DA:2,33
DA:3,82
DA:4,1
DA:5,12
LF:7
LH:5
end_of_record
TN:
SF:src/lib/ericchase/Core_Assert_Symbol.ts
FNF:1
FNH:1
DA:1,15
DA:2,33
DA:3,82
DA:4,1
DA:5,12
LF:7
LH:5
end_of_record
TN:
SF:src/lib/ericchase/Core_Assert_Undefined.ts
FNF:1
FNH:1
DA:1,15
DA:2,36
DA:3,85
DA:4,1
DA:5,12
LF:7
LH:5
end_of_record
TN:
SF:src/lib/ericchase/Core_Console_Error.ts
FNF:1
FNH:1
DA:1,18
DA:2,29
LF:4
LH:2
end_of_record
TN:
SF:src/lib/ericchase/Core_Console_Error_With_Date.ts
FNF:1
FNH:1
DA:1,18
DA:2,65
LF:4
LH:2
end_of_record
TN:
SF:src/lib/ericchase/Core_Console_Log.ts
FNF:1
FNH:1
DA:1,18
DA:2,27
LF:4
LH:2
end_of_record
TN:
SF:src/lib/ericchase/Core_Console_Log_With_Date.ts
FNF:1
FNH:1
DA:1,18
DA:2,63
LF:4
LH:2
end_of_record
TN:
SF:src/lib/ericchase/Core_JSON_Analyze.ts
FNF:1
FNH:1
DA:1,13
DA:2,26
DA:3,28
DA:4,30
DA:5,4
DA:6,40
DA:7,1
DA:8,102
DA:9,44
DA:10,1
DA:11,138
DA:12,29
DA:13,1
DA:14,25
DA:15,33
DA:16,34
DA:17,4
DA:18,2
DA:19,39
LF:21
LH:19
end_of_record
TN:
SF:src/lib/ericchase/Core_JSON_Merge.ts
FNF:2
FNH:2
DA:1,59
DA:2,20
DA:3,27
DA:4,3
DA:5,27
DA:6,46
DA:7,45
DA:8,41
DA:9,54
DA:10,139
DA:11,1
DA:12,2
DA:13,29
DA:14,22
DA:15,34
DA:16,29
DA:17,4
DA:18,16
DA:19,1
DA:20,30
DA:21,37
DA:22,32
DA:23,50
DA:24,27
DA:25,8
DA:26,64
DA:27,64
DA:28,56
DA:29,46
DA:30,60
DA:31,57
DA:32,15
DA:33,36
DA:34,9
DA:35,6
DA:36,18
DA:37,2
DA:38,22
DA:39,34
DA:40,32
DA:41,4
DA:42,16
DA:43,1
DA:44,61
LF:46
LH:44
end_of_record
TN:
SF:src/lib/ericchase/Core_JSON_Parse_Raw_String.ts
FNF:1
FNH:1
DA:1,13
DA:2,30
LF:4
LH:2
end_of_record
TN:
SF:src/lib/ericchase/Core_Map_Get_Or_Default.ts
FNF:1
FNH:1
DA:1,28
DA:2,20
DA:3,22
DA:4,1
DA:5,27
DA:6,22
DA:7,13
LF:9
LH:7
end_of_record
TN:
SF:src/lib/ericchase/Core_Math_Cartesian_Product_Generator.ts
FNF:2
FNH:2
DA:1,25
DA:2,42
DA:3,44
DA:4,37
DA:5,4
DA:6,2
LF:8
LH:6
end_of_record
TN:
SF:src/lib/ericchase/Core_Math_Factorial.ts
FNF:1
FNH:1
DA:1,54
DA:2,11
DA:3,38
DA:4,73
DA:5,59
DA:6,24
DA:7,39
DA:8,4
DA:9,49
DA:10,2
DA:11,33
LF:13
LH:11
end_of_record
TN:
SF:src/lib/ericchase/Core_Math_Get_Midpoint.ts
FNF:1
FNH:1
DA:1,14
DA:2,55
LF:4
LH:2
end_of_record
TN:
SF:src/lib/ericchase/Core_Math_N_Cartesian_Products_Generator.ts
FNF:5
FNH:5
DA:1,18
DA:2,80
DA:3,40
DA:4,51
DA:5,48
DA:6,34
DA:7,22
DA:8,30
DA:9,48
DA:10,19
DA:11,35
DA:12,39
DA:13,12
DA:14,1
DA:15,21
DA:16,28
DA:17,4
DA:18,2
LF:20
LH:18
end_of_record
TN:
SF:src/lib/ericchase/Core_Math_N_Choose_R_Combinations_Generator.ts
FNF:2
FNH:2
DA:1,51
DA:2,40
DA:3,62
DA:4,28
DA:5,46
DA:6,41
DA:7,62
DA:8,24
DA:9,20
DA:10,38
DA:11,21
DA:12,41
DA:13,39
DA:14,14
DA:15,1
DA:16,6
DA:17,27
DA:18,36
DA:19,37
DA:20,6
DA:21,4
DA:22,9
DA:23,36
DA:24,36
DA:25,62
DA:26,24
DA:27,20
DA:28,38
DA:29,21
DA:30,45
DA:31,39
DA:32,14
DA:33,1
DA:34,6
DA:35,27
DA:36,40
DA:37,37
DA:38,6
DA:39,4
DA:40,2
LF:42
LH:40
end_of_record
TN:
SF:src/lib/ericchase/Core_Math_N_Choose_R_Permutations_Generator.ts
FNF:2
FNH:2
DA:1,51
DA:2,40
DA:3,62
DA:4,28
DA:5,46
DA:6,41
DA:7,62
DA:8,24
DA:9,20
DA:10,38
DA:11,21
DA:12,41
DA:13,39
DA:14,14
DA:15,1
DA:16,23
DA:17,28
DA:18,6
DA:19,4
DA:20,9
DA:21,36
DA:22,36
DA:23,51
DA:24,31
DA:25,18
DA:26,4
DA:27,62
DA:28,24
DA:29,20
DA:30,38
DA:31,29
DA:32,21
DA:33,39
DA:34,23
DA:35,8
DA:36,41
DA:37,31
DA:38,39
DA:39,14
DA:40,1
DA:41,6
DA:42,24
DA:43,41
DA:44,19
DA:45,8
DA:46,23
DA:47,39
DA:48,23
DA:49,8
DA:50,29
DA:51,37
DA:52,6
DA:53,4
DA:54,2
LF:56
LH:54
end_of_record
TN:
SF:src/lib/ericchase/Core_Math_nCr.ts
FNF:1
FNH:1
DA:1,63
DA:2,35
DA:3,28
DA:4,96
DA:5,1
DA:6,86
LF:8
LH:6
end_of_record
TN:
SF:src/lib/ericchase/Core_Math_nPr.ts
FNF:1
FNH:1
DA:1,63
DA:2,35
DA:3,28
DA:4,32
DA:5,1
DA:6,59
LF:8
LH:6
end_of_record
TN:
SF:src/lib/ericchase/Core_Promise_Call_And_Count_Fulfilled.ts
FNF:2
FNH:2
DA:1,17
DA:2,16
DA:3,63
DA:4,32
DA:5,14
DA:6,4
DA:7,2
DA:8,13
LF:10
LH:8
end_of_record
TN:
SF:src/lib/ericchase/Core_Promise_Call_And_Count_Rejected.ts
FNF:2
FNH:2
DA:1,17
DA:2,16
DA:3,63
DA:4,31
DA:5,14
DA:6,4
DA:7,2
DA:8,13
LF:10
LH:8
end_of_record
TN:
SF:src/lib/ericchase/Core_Promise_Call_And_Orphan.ts
FNF:1
FNH:1
DA:1,63
DA:2,17
DA:3,33
LF:5
LH:3
end_of_record
TN:
SF:src/lib/ericchase/Core_Promise_Deferred_Class.ts
FNF:3
FNH:3
DA:5,22
DA:6,105
DA:7,58
DA:8,54
DA:9,13
DA:10,129
DA:11,116
DA:12,6
DA:13,5
DA:14,2
DA:15,57
DA:16,92
DA:17,1
LF:18
LH:13
end_of_record
TN:
SF:src/lib/ericchase/Core_Promise_Orphan.ts
FNF:1
FNH:1
DA:1,16
LF:2
LH:1
end_of_record
TN:
SF:src/lib/ericchase/Core_Stream_Read_Chunks_Generator.ts
FNF:2
FNH:2
DA:1,15
DA:2,36
DA:3,7
DA:4,17
DA:5,50
DA:6,16
DA:7,13
DA:8,1
DA:9,18
DA:10,3
DA:11,11
DA:12,25
DA:13,1
LF:15
LH:13
end_of_record
TN:
SF:src/lib/ericchase/Core_Stream_Uint8_Compare.ts
FNF:2
FNH:2
DA:1,85
DA:2,25
DA:3,66
DA:4,66
DA:5,7
DA:6,17
DA:7,26
DA:8,53
DA:9,49
DA:10,25
DA:11,8
DA:12,6
DA:13,53
DA:14,49
DA:15,25
DA:16,8
DA:17,6
DA:18,32
DA:19,18
DA:20,1
DA:21,54
DA:22,19
DA:23,1
DA:24,55
DA:25,51
DA:26,21
DA:27,1
DA:28,16
DA:29,16
DA:30,6
DA:31,3
DA:32,11
DA:33,22
DA:34,22
DA:35,1
LF:37
LH:35
end_of_record
TN:
SF:src/lib/ericchase/Core_Stream_Uint8_Read_All.ts
FNF:2
FNH:2
DA:1,71
DA:2,15
DA:3,36
DA:4,7
DA:5,22
DA:6,17
DA:7,50
DA:8,16
DA:9,14
DA:10,6
DA:11,25
DA:12,4
DA:13,41
DA:14,11
DA:15,25
DA:16,1
LF:18
LH:16
end_of_record
TN:
SF:src/lib/ericchase/Core_Stream_Uint8_Read_Lines.ts
FNF:2
FNH:2
DA:1,107
DA:2,25
DA:3,82
DA:4,30
DA:5,42
DA:6,13
DA:7,1
DA:8,4
DA:9,2
LF:11
LH:9
end_of_record
TN:
SF:src/lib/ericchase/Core_Stream_Uint8_Read_Lines_Generator.ts
FNF:8
FNH:8
DA:1,71
DA:2,15
DA:3,50
DA:4,67
DA:5,67
DA:6,39
DA:7,16
DA:8,61
DA:9,25
DA:10,34
DA:11,13
DA:12,27
DA:13,6
DA:14,5
DA:15,5
DA:16,39
DA:17,6
DA:18,38
DA:19,6
DA:20,11
DA:21,51
DA:22,5
DA:23,5
DA:24,72
DA:25,7
DA:26,20
DA:27,17
DA:28,50
DA:29,16
DA:30,31
DA:31,25
DA:32,8
DA:33,13
DA:34,1
DA:35,60
DA:36,45
DA:37,31
DA:38,3
DA:39,11
DA:40,25
DA:41,1
LF:43
LH:41
end_of_record
TN:
SF:src/lib/ericchase/Core_Stream_Uint8_Read_Some.ts
FNF:2
FNH:2
DA:1,60
DA:2,71
DA:3,67
DA:4,22
DA:5,17
DA:6,29
DA:7,1
DA:8,36
DA:9,7
DA:10,22
DA:11,22
DA:12,17
DA:13,50
DA:14,16
DA:15,14
DA:16,6
DA:17,25
DA:18,36
DA:19,30
DA:20,14
DA:21,6
DA:22,4
DA:23,74
DA:24,11
DA:25,25
DA:26,1
LF:28
LH:26
end_of_record
TN:
SF:src/lib/ericchase/Core_Stream_Uint8_Reader_Class.ts
FNF:5
FNH:5
DA:7,34
DA:8,50
DA:9,5
DA:10,20
DA:11,150
DA:12,103
DA:13,32
DA:14,6
DA:15,42
DA:16,30
DA:17,62
DA:18,46
DA:19,56
DA:20,5
DA:21,22
DA:22,60
DA:23,5
DA:24,2
DA:25,120
DA:26,72
DA:27,114
DA:28,1
LF:29
LH:22
end_of_record
TN:
SF:src/lib/ericchase/Core_String_Get_Left_Margin_Size.ts
FNF:1
FNH:1
DA:1,14
DA:2,12
DA:3,30
DA:4,25
DA:5,12
DA:6,4
DA:7,2
DA:8,9
LF:10
LH:8
end_of_record
TN:
SF:src/lib/ericchase/Core_String_Line_Is_Only_WhiteSpace.ts
FNF:1
FNH:1
DA:1,14
DA:2,26
LF:4
LH:2
end_of_record
TN:
SF:src/lib/ericchase/Core_String_Remove_WhiteSpace_Only_Lines.ts
FNF:2
FNH:2
DA:1,95
DA:2,71
DA:3,14
DA:4,46
DA:5,72
LF:7
LH:5
end_of_record
TN:
SF:src/lib/ericchase/Core_String_Remove_WhiteSpace_Only_Lines_From_Top_And_Bottom.ts
FNF:3
FNH:3
DA:1,95
DA:2,71
DA:3,14
DA:4,46
DA:5,183
LF:7
LH:5
end_of_record
TN:
SF:src/lib/ericchase/Core_String_Split.ts
FNF:2
FNH:2
DA:1,53
DA:2,38
DA:3,35
DA:4,47
DA:5,1
DA:6,13
LF:8
LH:6
end_of_record
TN:
SF:src/lib/ericchase/Core_String_Split_Lines.ts
FNF:1
FNH:1
DA:1,59
DA:2,42
DA:3,60
LF:5
LH:3
end_of_record
TN:
SF:src/lib/ericchase/Core_String_Split_Multiple_Spaces.ts
FNF:1
FNH:1
DA:1,59
DA:2,42
DA:3,57
LF:5
LH:3
end_of_record
TN:
SF:src/lib/ericchase/Core_String_Split_Multiple_WhiteSpace.ts
FNF:1
FNH:1
DA:1,59
DA:2,42
DA:3,58
LF:5
LH:3
end_of_record
TN:
SF:src/lib/ericchase/Core_String_To_Snake_Case.ts
FNF:1
FNH:1
DA:1,14
DA:2,45
LF:4
LH:2
end_of_record
TN:
SF:src/lib/ericchase/Core_String_Trim_Lines.ts
FNF:2
FNH:2
DA:1,15
DA:2,38
LF:4
LH:2
end_of_record
TN:
SF:src/lib/ericchase/Core_Utility_CRC32.ts
FNF:1
FNH:1
DA:1,58
DA:2,60
DA:3,29
DA:4,31
DA:5,29
DA:6,44
DA:7,91
DA:8,11
DA:9,38
DA:10,4
DA:11,2
DA:12,1
DA:13,15
DA:14,44
DA:15,52
DA:16,81
DA:17,2
DA:18,35
LF:20
LH:18
end_of_record
TN:
SF:src/lib/ericchase/Core_Utility_CRC32_Class.ts
FNF:4
FNH:4
DA:3,23
DA:4,27
DA:5,109
DA:6,214
DA:7,9
DA:8,5
DA:9,20
DA:10,92
DA:11,4
DA:12,2
DA:13,128
DA:14,54
DA:15,86
DA:16,1
LF:17
LH:14
end_of_record
TN:
SF:src/lib/ericchase/Core_Utility_Debounce.ts
FNF:5
FNH:5
DA:1,79
DA:2,63
DA:3,22
DA:4,47
DA:5,26
DA:6,11
DA:7,9
DA:8,24
DA:9,25
DA:10,20
DA:11,29
DA:12,14
DA:13,47
DA:14,4
DA:15,3
DA:16,22
DA:17,26
DA:18,31
DA:19,51
DA:20,16
DA:21,26
DA:22,0
LF:24
LH:21
end_of_record
TN:
SF:src/lib/ericchase/Core_Utility_Debounce_Immediate.ts
FNF:5
FNH:5
DA:1,79
DA:2,63
DA:3,22
DA:4,47
DA:5,26
DA:6,11
DA:7,9
DA:8,24
DA:9,25
DA:10,20
DA:11,29
DA:12,4
DA:13,3
DA:14,22
DA:15,31
DA:16,51
DA:17,4
DA:18,26
DA:19,31
DA:20,47
DA:21,26
DA:22,16
DA:23,26
DA:24,0
LF:26
LH:23
end_of_record
TN:
SF:src/lib/ericchase/Core_Utility_Decode_Bytes.ts
FNF:1
FNH:1
DA:1,16
DA:2,40
LF:4
LH:2
end_of_record
TN:
SF:src/lib/ericchase/Core_Utility_Encode_Text.ts
FNF:1
FNH:1
DA:1,14
DA:2,38
LF:4
LH:2
end_of_record
TN:
SF:src/lib/ericchase/Core_Utility_Sleep.ts
FNF:3
FNH:3
DA:1,21
DA:2,50
DA:3,14
DA:4,15
LF:6
LH:4
end_of_record
TN:
SF:src/lib/ericchase/NodePlatform.ts
FNF:1
FNH:1
DA:1,50
DA:2,54
DA:3,47
DA:4,45
DA:5,49
DA:6,47
DA:7,49
DA:9,83
LF:10
LH:8
end_of_record
TN:
SF:src/lib/ericchase/NodePlatform_Directory_Create.ts
FNF:2
FNH:2
DA:1,55
DA:2,91
DA:3,97
DA:4,24
DA:5,35
DA:6,7
DA:7,71
DA:8,47
DA:9,4
DA:10,78
DA:11,17
DA:12,85
DA:13,0
LF:15
LH:12
end_of_record
TN:
SF:src/lib/ericchase/NodePlatform_Directory_Delete.ts
FNF:2
FNH:2
DA:1,55
DA:2,79
DA:3,91
DA:4,24
DA:5,35
DA:6,7
DA:7,67
DA:8,31
DA:9,34
DA:10,13
DA:11,65
DA:12,6
DA:13,4
DA:14,81
DA:15,17
DA:16,88
DA:17,0
LF:19
LH:16
end_of_record
TN:
SF:src/lib/ericchase/NodePlatform_Directory_ReadDir.ts
FNF:2
FNH:2
DA:1,55
DA:2,97
DA:3,24
DA:4,35
DA:5,7
DA:6,71
DA:7,104
DA:8,1
DA:9,12
DA:10,17
DA:11,19
DA:12,0
LF:14
LH:11
end_of_record
TN:
SF:src/lib/ericchase/NodePlatform_File_Append_Bytes.ts
FNF:2
FNH:2
DA:1,55
DA:2,89
DA:3,31
DA:4,35
DA:5,26
DA:6,79
DA:7,2
DA:8,7
DA:9,42
DA:10,25
DA:11,17
DA:12,33
DA:13,0
LF:15
LH:12
end_of_record
TN:
SF:src/lib/ericchase/NodePlatform_File_Append_Text.ts
FNF:2
FNH:2
DA:1,55
DA:2,89
DA:3,30
DA:4,35
DA:5,26
DA:6,79
DA:7,2
DA:8,7
DA:9,41
DA:10,25
DA:11,17
DA:12,33
DA:13,0
LF:15
LH:12
end_of_record
TN:
SF:src/lib/ericchase/NodePlatform_File_Delete.ts
FNF:2
FNH:2
DA:1,55
DA:2,79
DA:3,81
DA:4,13
DA:5,35
DA:6,7
DA:7,62
DA:8,33
DA:9,4
DA:10,81
DA:11,0
DA:12,0
DA:13,0
LF:15
LH:10
end_of_record
TN:
SF:src/lib/ericchase/NodePlatform_File_Read_Bytes.ts
FNF:2
FNH:2
DA:1,55
DA:2,13
DA:3,35
DA:4,7
DA:5,66
DA:6,17
DA:7,19
DA:8,0
LF:10
LH:7
end_of_record
TN:
SF:src/lib/ericchase/NodePlatform_File_Read_Text.ts
FNF:2
FNH:2
DA:1,55
DA:2,13
DA:3,35
DA:4,7
DA:5,71
DA:6,17
DA:7,19
DA:8,0
LF:10
LH:7
end_of_record
TN:
SF:src/lib/ericchase/NodePlatform_File_Write_Bytes.ts
FNF:2
FNH:2
DA:1,55
DA:2,89
DA:3,31
DA:4,35
DA:5,26
DA:6,79
DA:7,2
DA:8,7
DA:9,41
DA:10,25
DA:11,17
DA:12,33
DA:13,0
LF:15
LH:12
end_of_record
TN:
SF:src/lib/ericchase/NodePlatform_File_Write_Text.ts
FNF:2
FNH:2
DA:1,55
DA:2,89
DA:3,30
DA:4,35
DA:5,26
DA:6,79
DA:7,2
DA:8,7
DA:9,40
DA:10,25
DA:11,17
DA:12,33
DA:13,0
LF:15
LH:12
end_of_record
TN:
SF:src/lib/ericchase/NodePlatform_PathObject_Absolute_Class.ts
FNF:16
FNH:13
DA:8,26
DA:9,34
DA:10,49
DA:11,72
DA:12,23
DA:13,72
DA:14,9
DA:15,5
DA:16,42
DA:17,137
DA:18,242
DA:19,47
DA:20,340
DA:21,8
DA:22,46
DA:23,42
DA:24,46
DA:25,42
DA:26,23
DA:27,164
DA:28,6
DA:29,30
DA:30,4
DA:31,29
DA:32,38
DA:33,56
DA:34,63
DA:35,84
DA:36,6
DA:37,88
DA:38,4
DA:39,16
DA:40,317
DA:41,4
DA:42,37
DA:43,98
DA:44,30
DA:45,4
DA:46,32
DA:47,41
DA:48,30
DA:49,6
DA:50,68
DA:51,69
DA:52,68
DA:53,9
DA:54,46
DA:55,71
DA:56,74
DA:57,67
DA:58,66
DA:59,13
DA:60,9
DA:61,64
DA:62,36
DA:63,4
DA:64,44
DA:65,43
DA:66,32
DA:67,9
DA:68,68
DA:69,56
DA:70,67
DA:71,28
DA:72,9
DA:73,218
DA:74,4
DA:75,0
DA:76,0
DA:77,0
DA:78,0
DA:79,0
DA:80,0
DA:81,0
DA:82,4
DA:83,0
DA:84,0
DA:85,0
DA:86,0
DA:87,0
DA:88,0
DA:89,4
DA:90,0
DA:91,0
DA:92,0
DA:93,0
DA:94,0
DA:95,0
DA:96,4
DA:97,2
DA:98,92
DA:99,90
DA:100,250
DA:101,2
DA:102,96
DA:103,178
DA:104,2
DA:105,96
DA:106,178
DA:107,1
LF:108
LH:81
end_of_record
TN:
SF:src/lib/ericchase/NodePlatform_PathObject_Relative_Class.ts
FNF:18
FNH:15
DA:7,26
DA:8,34
DA:9,49
DA:10,72
DA:11,23
DA:12,72
DA:13,9
DA:14,5
DA:15,42
DA:16,137
DA:17,242
DA:18,47
DA:19,338
DA:20,8
DA:21,42
DA:22,46
DA:23,42
DA:24,23
DA:25,40
DA:26,42
DA:27,40
DA:28,9
DA:29,30
DA:30,4
DA:31,29
DA:32,38
DA:33,52
DA:34,56
DA:35,68
DA:36,107
DA:37,52
DA:38,9
DA:39,63
DA:40,157
DA:41,6
DA:42,191
DA:43,4
DA:44,16
DA:45,259
DA:46,53
DA:47,36
DA:48,6
DA:49,28
DA:50,4
DA:51,37
DA:52,98
DA:53,30
DA:54,4
DA:55,32
DA:56,41
DA:57,30
DA:58,6
DA:59,68
DA:60,67
DA:61,60
DA:62,9
DA:63,46
DA:64,71
DA:65,74
DA:66,67
DA:67,66
DA:68,13
DA:69,9
DA:70,64
DA:71,36
DA:72,4
DA:73,40
DA:74,98
DA:75,30
DA:76,4
DA:77,34
DA:78,41
DA:79,30
DA:80,6
DA:81,68
DA:82,67
DA:83,60
DA:84,9
DA:85,46
DA:86,71
DA:87,78
DA:88,67
DA:89,60
DA:90,13
DA:91,9
DA:92,64
DA:93,36
DA:94,4
DA:95,36
DA:96,226
DA:97,4
DA:98,0
DA:99,0
DA:100,0
DA:101,0
DA:102,0
DA:103,0
DA:104,0
DA:105,4
DA:106,0
DA:107,0
DA:108,0
DA:109,0
DA:110,0
DA:111,0
DA:112,4
DA:113,0
DA:114,0
DA:115,0
DA:116,0
DA:117,0
DA:118,0
DA:119,4
DA:120,2
DA:121,92
DA:122,90
DA:123,250
DA:124,2
DA:125,96
DA:126,178
DA:127,2
DA:128,96
DA:129,178
DA:130,1
LF:131
LH:105
end_of_record
TN:
SF:src/lib/ericchase/NodePlatform_Path_Delete.ts
FNF:2
FNH:2
DA:1,55
DA:2,79
DA:3,13
DA:4,35
DA:5,7
DA:6,61
DA:7,81
DA:8,17
DA:9,88
DA:10,0
LF:12
LH:9
end_of_record
TN:
SF:src/lib/ericchase/NodePlatform_Path_Exists.ts
FNF:2
FNH:2
DA:1,55
DA:2,13
DA:3,35
DA:4,7
DA:5,29
DA:6,25
DA:7,17
DA:8,33
DA:9,0
LF:11
LH:8
end_of_record
TN:
SF:src/lib/ericchase/NodePlatform_Path_Get_Stats.ts
FNF:2
FNH:2
DA:1,55
DA:2,13
DA:3,35
DA:4,7
DA:5,45
DA:6,17
DA:7,19
DA:8,0
LF:10
LH:7
end_of_record
TN:
SF:src/lib/ericchase/NodePlatform_Path_Get_Stats_SymbolicLink.ts
FNF:2
FNH:2
DA:1,55
DA:2,13
DA:3,35
DA:4,7
DA:5,46
DA:6,17
DA:7,19
DA:8,0
LF:10
LH:7
end_of_record
TN:
SF:src/lib/ericchase/NodePlatform_Path_Is_Directory.ts
FNF:2
FNH:2
DA:1,55
DA:2,13
DA:3,35
DA:4,7
DA:5,51
DA:6,17
DA:7,13
LF:9
LH:7
end_of_record
TN:
SF:src/lib/ericchase/NodePlatform_Path_Is_File.ts
FNF:2
FNH:2
DA:1,55
DA:2,13
DA:3,35
DA:4,7
DA:5,46
DA:6,17
DA:7,13
LF:9
LH:7
end_of_record
TN:
SF:src/lib/ericchase/NodePlatform_Path_Is_SymbolicLink.ts
FNF:2
FNH:2
DA:1,55
DA:2,13
DA:3,35
DA:4,7
DA:5,54
DA:6,17
DA:7,13
LF:9
LH:7
end_of_record
TN:
SF:src/lib/ericchase/NodePlatform_Shell_Keys.ts
FNF:1
FNH:1
DA:1,57
DA:2,77
DA:3,59
DA:4,91
DA:5,66
DA:6,30
DA:7,26
DA:8,31
DA:9,35
DA:10,29
DA:11,45
DA:12,32
DA:13,33
DA:14,33
DA:15,3
DA:16,53
DA:17,21
DA:18,11
DA:19,59
DA:20,59
DA:21,60
DA:22,56
DA:23,4
DA:24,12
DA:25,38
DA:26,36
DA:27,36
DA:28,31
DA:29,31
DA:30,38
DA:31,25
DA:32,36
DA:33,36
DA:34,36
DA:35,31
DA:36,35
DA:37,4
DA:38,56
DA:39,1
DA:40,10
DA:41,17
DA:42,94
DA:43,100
DA:44,2
DA:45,11
DA:46,1
DA:47,50
LF:48
LH:47
end_of_record
